<?xml version="1.0" encoding="UTF-8"?>
<testng-results ignored="0" total="1" passed="1" failed="0" skipped="0">
  <reporter-output>
  </reporter-output>
  <suite started-at="2022-09-17T00:27:37 IST" name="Default suite" finished-at="2022-09-17T00:27:46 IST" duration-ms="9223">
    <groups>
    </groups>
    <test started-at="2022-09-17T00:27:37 IST" name="Default test" finished-at="2022-09-17T00:27:46 IST" duration-ms="9223">
      <class name="Greencart.teste2e.addIntoCart">
        <test-method is-config="true" signature="driveSetup()[pri:0, instance:Greencart.teste2e.addIntoCart@c88a337]" started-at="2022-09-17T00:27:37 IST" name="driveSetup" finished-at="2022-09-17T00:27:43 IST" duration-ms="6371" status="PASS">
          <reporter-output>
          </reporter-output>
        </test-method> <!-- driveSetup -->
        <test-method signature="add2cart()[pri:0, instance:Greencart.teste2e.addIntoCart@c88a337]" started-at="2022-09-17T00:27:43 IST" name="add2cart" finished-at="2022-09-17T00:27:46 IST" duration-ms="2766" status="PASS">
          <reporter-output>
          </reporter-output>
        </test-method> <!-- add2cart -->
      </class> <!-- Greencart.teste2e.addIntoCart -->
    </test> <!-- Default test -->
  </suite> <!-- Default suite -->
</testng-results>
